[    0.000000] Linux version 4.15.0-212-generic (buildd@lcy02-amd64-083) (gcc version 7.5.0 (Ubuntu 7.5.0-3ubuntu1~18.04)) #223-Ubuntu SMP Tue May 23 13:09:22 UTC 2023 (Ubuntu 4.15.0-212.223-generic 4.15.18)
[    0.000000] Command line: BOOT_IMAGE=/boot/vmlinuz-4.15.0-212-generic root=LABEL=cloudimg-rootfs ro console=tty1 console=ttyS0
[    0.000000] KERNEL supported cpus:
[    0.000000]   Intel GenuineIntel
[    0.000000]   AMD AuthenticAMD
[    0.000000]   Centaur CentaurHauls
[    0.000000] x86/fpu: Supporting XSAVE feature 0x001: 'x87 floating point registers'
[    0.000000] x86/fpu: Supporting XSAVE feature 0x002: 'SSE registers'
[    0.000000] x86/fpu: Supporting XSAVE feature 0x004: 'AVX registers'
[    0.000000] x86/fpu: xstate_offset[2]:  576, xstate_sizes[2]:  256
[    0.000000] x86/fpu: Enabled xstate features 0x7, context size is 832 bytes, using 'standard' format.
[    0.000000] e820: BIOS-provided physical RAM map:
[    0.000000] BIOS-e820: [mem 0x0000000000000000-0x000000000009fbff] usable
[    0.000000] BIOS-e820: [mem 0x000000000009fc00-0x000000000009ffff] reserved
[    0.000000] BIOS-e820: [mem 0x00000000000f0000-0x00000000000fffff] reserved
[    0.000000] BIOS-e820: [mem 0x0000000000100000-0x000000003ffeffff] usable
[    0.000000] BIOS-e820: [mem 0x000000003fff0000-0x000000003fffffff] ACPI data
[    0.000000] BIOS-e820: [mem 0x00000000fec00000-0x00000000fec00fff] reserved
[    0.000000] BIOS-e820: [mem 0x00000000fee00000-0x00000000fee00fff] reserved
[    0.000000] BIOS-e820: [mem 0x00000000fffc0000-0x00000000ffffffff] reserved
[    0.000000] NX (Execute Disable) protection: active
[    0.000000] SMBIOS 2.5 present.
[    0.000000] DMI: innotek GmbH VirtualBox/VirtualBox, BIOS VirtualBox 12/01/2006
[    0.000000] Hypervisor detected: KVM
[    0.000000] e820: last_pfn = 0x3fff0 max_arch_pfn = 0x400000000
[    0.000000] x86/PAT: Configuration [0-7]: WB  WC  UC- UC  WB  WP  UC- WT  
[    0.000000] found SMP MP-table at [mem 0x0009fbf0-0x0009fbff]
[    0.000000] Scanning 1 areas for low memory corruption
[    0.000000] RAMDISK: [mem 0x359cb000-0x36cdcfff]
[    0.000000] ACPI: Early table checksum verification disabled
[    0.000000] ACPI: RSDP 0x00000000000E0000 000024 (v02 VBOX  )
[    0.000000] ACPI: XSDT 0x000000003FFF0030 00003C (v01 VBOX   VBOXXSDT 00000001 ASL  00000061)
[    0.000000] ACPI: FACP 0x000000003FFF00F0 0000F4 (v04 VBOX   VBOXFACP 00000001 ASL  00000061)
[    0.000000] ACPI: DSDT 0x000000003FFF02F0 002353 (v02 VBOX   VBOXBIOS 00000002 VBOX 0002A122)
[    0.000000] ACPI: FACS 0x000000003FFF0200 000040
[    0.000000] ACPI: FACS 0x000000003FFF0200 000040
[    0.000000] ACPI: APIC 0x000000003FFF0240 00005C (v02 VBOX   VBOXAPIC 00000001 ASL  00000061)
[    0.000000] ACPI: SSDT 0x000000003FFF02A0 000045 (v01 VBOX   VBOXCPUT 00000002 VBOX 0002A122)
[    0.000000] ACPI: Reserving FACP table memory at [mem 0x3fff00f0-0x3fff01e3]
[    0.000000] ACPI: Reserving DSDT table memory at [mem 0x3fff02f0-0x3fff2642]
[    0.000000] ACPI: Reserving FACS table memory at [mem 0x3fff0200-0x3fff023f]
[    0.000000] ACPI: Reserving FACS table memory at [mem 0x3fff0200-0x3fff023f]
[    0.000000] ACPI: Reserving APIC table memory at [mem 0x3fff0240-0x3fff029b]
[    0.000000] ACPI: Reserving SSDT table memory at [mem 0x3fff02a0-0x3fff02e4]
[    0.000000] No NUMA configuration found
[    0.000000] Faking a node at [mem 0x0000000000000000-0x000000003ffeffff]
[    0.000000] NODE_DATA(0) allocated [mem 0x3ffc5000-0x3ffeffff]
[    0.000000] kvm-clock: cpu 0, msr 0:3ff44001, primary cpu clock
[    0.000000] kvm-clock: Using msrs 4b564d01 and 4b564d00
[    0.000000] kvm-clock: using sched offset of 6497575386 cycles
[    0.000000] clocksource: kvm-clock: mask: 0xffffffffffffffff max_cycles: 0x1cd42e4dffb, max_idle_ns: 881590591483 ns
[    0.000000] Zone ranges:
[    0.000000]   DMA      [mem 0x0000000000001000-0x0000000000ffffff]
[    0.000000]   DMA32    [mem 0x0000000001000000-0x000000003ffeffff]
[    0.000000]   Normal   empty
[    0.000000]   Device   empty
[    0.000000] Movable zone start for each node
[    0.000000] Early memory node ranges
[    0.000000]   node   0: [mem 0x0000000000001000-0x000000000009efff]
[    0.000000]   node   0: [mem 0x0000000000100000-0x000000003ffeffff]
[    0.000000] Reserved but unavailable: 104 pages
[    0.000000] Initmem setup node 0 [mem 0x0000000000001000-0x000000003ffeffff]
[    0.000000] ACPI: PM-Timer IO Port: 0x4008
[    0.000000] IOAPIC[0]: apic_id 2, version 32, address 0xfec00000, GSI 0-23
[    0.000000] ACPI: INT_SRC_OVR (bus 0 bus_irq 0 global_irq 2 dfl dfl)
[    0.000000] ACPI: INT_SRC_OVR (bus 0 bus_irq 9 global_irq 9 low level)
[    0.000000] Using ACPI (MADT) for SMP configuration information
[    0.000000] smpboot: Allowing 2 CPUs, 0 hotplug CPUs
[    0.000000] PM: Registered nosave memory: [mem 0x00000000-0x00000fff]
[    0.000000] PM: Registered nosave memory: [mem 0x0009f000-0x0009ffff]
[    0.000000] PM: Registered nosave memory: [mem 0x000a0000-0x000effff]
[    0.000000] PM: Registered nosave memory: [mem 0x000f0000-0x000fffff]
[    0.000000] e820: [mem 0x40000000-0xfebfffff] available for PCI devices
[    0.000000] Booting paravirtualized kernel on KVM
[    0.000000] clocksource: refined-jiffies: mask: 0xffffffff max_cycles: 0xffffffff, max_idle_ns: 7645519600211568 ns
[    0.000000] setup_percpu: NR_CPUS:8192 nr_cpumask_bits:2 nr_cpu_ids:2 nr_node_ids:1
[    0.000000] percpu: Embedded 50 pages/cpu s167936 r8192 d28672 u1048576
[    0.000000] PV qspinlock hash table entries: 256 (order: 0, 4096 bytes)
[    0.000000] Built 1 zonelists, mobility grouping on.  Total pages: 257913
[    0.000000] Policy zone: DMA32
[    0.000000] Kernel command line: BOOT_IMAGE=/boot/vmlinuz-4.15.0-212-generic root=LABEL=cloudimg-rootfs ro console=tty1 console=ttyS0
[    0.000000] Memory: 982644K/1048120K available (12300K kernel code, 2477K rwdata, 4324K rodata, 2480K init, 2720K bss, 65476K reserved, 0K cma-reserved)
[    0.000000] SLUB: HWalign=64, Order=0-3, MinObjects=0, CPUs=2, Nodes=1
[    0.000000] Kernel/User page tables isolation: enabled
[    0.000000] ftrace: allocating 39508 entries in 155 pages
[    0.004000] Hierarchical RCU implementation.
[    0.004000] 	RCU restricting CPUs from NR_CPUS=8192 to nr_cpu_ids=2.
[    0.004000] 	Tasks RCU enabled.
[    0.004000] RCU: Adjusting geometry for rcu_fanout_leaf=16, nr_cpu_ids=2
[    0.004000] NR_IRQS: 524544, nr_irqs: 440, preallocated irqs: 16
[    0.004000] random: crng init done
[    0.004000] Console: colour VGA+ 80x25
[    0.004000] console [tty1] enabled
[    0.004000] console [ttyS0] enabled
[    0.004000] ACPI: Core revision 20170831
[    0.004000] ACPI: 2 ACPI AML tables successfully acquired and loaded
[    0.004000] APIC: Switch to symmetric I/O mode setup
[    0.004000] x2apic enabled
[    0.004052] Switched APIC routing to physical x2apic.
[    0.012000] ..TIMER: vector=0x30 apic1=0 pin1=2 apic2=-1 pin2=-1
[    0.012005] tsc: Detected 2912.492 MHz processor
[    0.015946] Calibrating delay loop (skipped) preset value.. 5824.98 BogoMIPS (lpj=11649968)
[    0.016006] pid_max: default: 32768 minimum: 301
[    0.020070] Security Framework initialized
[    0.024004] Yama: becoming mindful.
[    0.028071] AppArmor: AppArmor initialized
[    0.034048] Dentry cache hash table entries: 131072 (order: 8, 1048576 bytes)
[    0.037024] Inode-cache hash table entries: 65536 (order: 7, 524288 bytes)
[    0.040062] Mount-cache hash table entries: 2048 (order: 2, 16384 bytes)
[    0.044043] Mountpoint-cache hash table entries: 2048 (order: 2, 16384 bytes)
[    0.052065] Last level iTLB entries: 4KB 64, 2MB 8, 4MB 8
[    0.056000] Last level dTLB entries: 4KB 64, 2MB 0, 4MB 0, 1GB 4
[    0.056022] Spectre V1 : Mitigation: usercopy/swapgs barriers and __user pointer sanitization
[    0.060003] Spectre V2 : Mitigation: Retpolines
[    0.064002] Spectre V2 : Spectre v2 / SpectreRSB mitigation: Filling RSB on context switch
[    0.068003] Spectre V2 : Spectre v2 / SpectreRSB : Filling RSB on VMEXIT
[    0.072002] RETBleed: WARNING: Spectre v2 mitigation leaves CPU vulnerable to RETBleed attacks, data leaks possible!
[    0.076003] RETBleed: Vulnerable
[    0.080002] Speculative Store Bypass: Vulnerable
[    0.084023] MDS: Mitigation: Clear CPU buffers
[    0.086839] MMIO Stale Data: Mitigation: Clear CPU buffers
[    0.088017] SRBDS: Unknown: Dependent on hypervisor status
[    0.092200] Freeing SMP alternatives memory: 36K
[    0.209074] smpboot: CPU0: Intel(R) Core(TM) i5-6267U CPU @ 2.90GHz (family: 0x6, model: 0x4e, stepping: 0x3)
[    0.212268] Performance Events: unsupported p6 CPU model 78 no PMU driver, software events only.
[    0.216090] Hierarchical SRCU implementation.
[    0.220717] NMI watchdog: Perf event create on CPU 0 failed with -2
[    0.224003] NMI watchdog: Perf NMI watchdog permanently disabled
[    0.228193] smp: Bringing up secondary CPUs ...
[    0.232636] x86: Booting SMP configuration:
[    0.236003] .... node  #0, CPUs:      #1
[    0.004000] kvm-clock: cpu 1, msr 0:3ff44041, secondary cpu clock
[    0.244058] smp: Brought up 1 node, 2 CPUs
[    0.247091] smpboot: Max logical packages: 1
[    0.248006] smpboot: Total of 2 processors activated (11649.96 BogoMIPS)
[    0.253952] devtmpfs: initialized
[    0.256080] x86/mm: Memory block size: 128MB
[    0.260265] evm: security.selinux
[    0.262472] evm: security.SMACK64
[    0.264003] evm: security.SMACK64EXEC
[    0.268002] evm: security.SMACK64TRANSMUTE
[    0.272002] evm: security.SMACK64MMAP
[    0.274855] evm: security.apparmor
[    0.276002] evm: security.ima
[    0.280002] evm: security.capability
[    0.282491] clocksource: jiffies: mask: 0xffffffff max_cycles: 0xffffffff, max_idle_ns: 7645041785100000 ns
[    0.284010] futex hash table entries: 512 (order: 3, 32768 bytes)
[    0.288123] pinctrl core: initialized pinctrl subsystem
[    0.292424] RTC time: 10:57:11, date: 02/25/26
[    0.296486] NET: Registered protocol family 16
[    0.300101] audit: initializing netlink subsys (disabled)
[    0.304091] audit: type=2000 audit(1772017038.939:1): state=initialized audit_enabled=0 res=1
[    0.308016] cpuidle: using governor ladder
[    0.312009] cpuidle: using governor menu
[    0.316056] ACPI: bus type PCI registered
[    0.318663] acpiphp: ACPI Hot Plug PCI Controller Driver version: 0.5
[    0.324335] PCI: Using configuration type 1 for base access
[    0.329419] HugeTLB registered 2.00 MiB page size, pre-allocated 0 pages
[    0.336126] ACPI: Added _OSI(Module Device)
[    0.339285] ACPI: Added _OSI(Processor Device)
[    0.340010] ACPI: Added _OSI(3.0 _SCP Extensions)
[    0.344003] ACPI: Added _OSI(Processor Aggregator Device)
[    0.348004] ACPI: Added _OSI(Linux-Dell-Video)
[    0.350860] ACPI: Added _OSI(Linux-Lenovo-NV-HDMI-Audio)
[    0.352003] ACPI: Added _OSI(Linux-HPI-Hybrid-Graphics)
[    0.356669] ACPI: Executed 1 blocks of module-level executable AML code
[    0.368000] ACPI: Interpreter enabled
[    0.368015] ACPI: (supports S0 S5)
[    0.372005] ACPI: Using IOAPIC for interrupt routing
[    0.376408] PCI: Using host bridge windows from ACPI; if necessary, use "pci=nocrs" and report a bug
[    0.380245] ACPI: Enabled 2 GPEs in block 00 to 07
[    0.396408] ACPI: PCI Root Bridge [PCI0] (domain 0000 [bus 00-ff])
[    0.400008] acpi PNP0A03:00: _OSC: OS supports [ASPM ClockPM Segments MSI]
[    0.404805] acpi PNP0A03:00: _OSC: not requesting OS control; OS requires [ExtendedConfig ASPM ClockPM MSI]
[    0.408013] acpi PNP0A03:00: fail to add MMCONFIG information, can't access extended PCI configuration space under this bridge.
[    0.412750] PCI host bridge to bus 0000:00
[    0.416005] pci_bus 0000:00: root bus resource [io  0x0000-0x0cf7 window]
[    0.420004] pci_bus 0000:00: root bus resource [io  0x0d00-0xffff window]
[    0.424004] pci_bus 0000:00: root bus resource [mem 0x000a0000-0x000bffff window]
[    0.428004] pci_bus 0000:00: root bus resource [mem 0x40000000-0xfdffffff window]
[    0.432004] pci_bus 0000:00: root bus resource [bus 00-ff]
[    0.445112] pci 0000:00:01.1: legacy IDE quirk: reg 0x10: [io  0x01f0-0x01f7]
[    0.448004] pci 0000:00:01.1: legacy IDE quirk: reg 0x14: [io  0x03f6]
[    0.452004] pci 0000:00:01.1: legacy IDE quirk: reg 0x18: [io  0x0170-0x0177]
[    0.456003] pci 0000:00:01.1: legacy IDE quirk: reg 0x1c: [io  0x0376]
[    0.528907] pci 0000:00:07.0: quirk: [io  0x4000-0x403f] claimed by PIIX4 ACPI
[    0.532033] pci 0000:00:07.0: quirk: [io  0x4100-0x410f] claimed by PIIX4 SMB
[    0.548277] ACPI: PCI Interrupt Link [LNKA] (IRQs 5 9 10 *11)
[    0.552560] ACPI: PCI Interrupt Link [LNKB] (IRQs 5 9 *10 11)
[    0.556207] ACPI: PCI Interrupt Link [LNKC] (IRQs 5 *9 10 11)
[    0.560217] ACPI: PCI Interrupt Link [LNKD] (IRQs 5 9 10 *11)
[    0.564558] SCSI subsystem initialized
[    0.567059] pci 0000:00:02.0: vgaarb: setting as boot VGA device
[    0.567751] pci 0000:00:02.0: vgaarb: VGA device added: decodes=io+mem,owns=io+mem,locks=none
[    0.568007] pci 0000:00:02.0: vgaarb: bridge control possible
[    0.572003] vgaarb: loaded
[    0.573893] ACPI: bus type USB registered
[    0.576019] usbcore: registered new interface driver usbfs
[    0.580023] usbcore: registered new interface driver hub
[    0.584011] usbcore: registered new device driver usb
[    0.588043] EDAC MC: Ver: 3.0.0
[    0.590854] PCI: Using ACPI for IRQ routing
[    0.592664] NetLabel: Initializing
[    0.596002] NetLabel:  domain hash size = 128
[    0.600002] NetLabel:  protocols = UNLABELED CIPSOv4 CALIPSO
[    0.604000] NetLabel:  unlabeled traffic allowed by default
[    0.604540] clocksource: Switched to clocksource kvm-clock
[    0.627524] VFS: Disk quotas dquot_6.6.0
[    0.635045] VFS: Dquot-cache hash table entries: 512 (order 0, 4096 bytes)
[    0.638993] AppArmor: AppArmor Filesystem Enabled
[    0.638993] pnp: PnP ACPI init
[    0.647680] pnp: PnP ACPI: found 3 devices
[    0.669680] clocksource: acpi_pm: mask: 0xffffff max_cycles: 0xffffff, max_idle_ns: 2085701024 ns
[    0.675406] NET: Registered protocol family 2
[    0.678425] IP idents hash table entries: 16384 (order: 5, 131072 bytes)
[    0.684124] TCP established hash table entries: 8192 (order: 4, 65536 bytes)
[    0.690079] TCP bind hash table entries: 8192 (order: 5, 131072 bytes)
[    0.694290] TCP: Hash tables configured (established 8192 bind 8192)
[    0.698059] UDP hash table entries: 512 (order: 2, 16384 bytes)
[    0.698059] UDP-Lite hash table entries: 512 (order: 2, 16384 bytes)
[    0.707391] NET: Registered protocol family 1
[    0.710160] pci 0000:00:00.0: Limiting direct PCI/PCI transfers
[    0.714447] pci 0000:00:01.0: Activating ISA DMA hang workarounds
[    0.718357] pci 0000:00:02.0: Video device with shadowed ROM at [mem 0x000c0000-0x000dffff]
[    0.724523] Unpacking initramfs...
[    1.147615] Freeing initrd memory: 19528K
[    1.150733] clocksource: tsc: mask: 0xffffffffffffffff max_cycles: 0x29fb5c0b4f6, max_idle_ns: 440795299723 ns
[    1.157772] platform rtc_cmos: registered platform RTC device (no PNP device found)
[    1.164255] Scanning for low memory corruption every 60 seconds
[    1.169061] Initialise system trusted keyrings
[    1.172257] Key type blacklist registered
[    1.175594] workingset: timestamp_bits=36 max_order=18 bucket_order=0
[    1.181701] zbud: loaded
[    1.184463] squashfs: version 4.0 (2009/01/31) Phillip Lougher
[    1.189450] fuse init (API version 7.26)
[    1.205079] Key type asymmetric registered
[    1.208663] Asymmetric key parser 'x509' registered
[    1.212319] Block layer SCSI generic (bsg) driver version 0.4 loaded (major 246)
[    1.217154] io scheduler noop registered
[    1.219655] io scheduler deadline registered
[    1.222986] io scheduler cfq registered (default)
[    1.226778] ACPI: AC Adapter [AC] (on-line)
[    1.229659] input: Power Button as /devices/LNXSYSTM:00/LNXPWRBN:00/input/input0
[    1.234899] ACPI: Power Button [PWRF]
[    1.237823] input: Sleep Button as /devices/LNXSYSTM:00/LNXSLPBN:00/input/input1
[    1.243216] ACPI: Sleep Button [SLPF]
[    1.248460] Serial: 8250/16550 driver, 32 ports, IRQ sharing enabled
[    1.249737] ACPI: Battery Slot [BAT0] (battery present)
[    1.283772] 00:02: ttyS0 at I/O 0x3f8 (irq = 4, base_baud = 115200) is a 16550A
[    1.287026] Linux agpgart interface v0.103
[    1.297634] loop: module loaded
[    1.303062] scsi host0: ata_piix
[    1.306502] scsi host1: ata_piix
[    1.309000] ata1: PATA max UDMA/33 cmd 0x1f0 ctl 0x3f6 bmdma 0xd000 irq 14
[    1.314210] ata2: PATA max UDMA/33 cmd 0x170 ctl 0x376 bmdma 0xd008 irq 15
[    1.319220] tun: Universal TUN/TAP device driver, 1.6
[    1.323129] PPP generic driver version 2.4.2
[    1.326929] ehci_hcd: USB 2.0 'Enhanced' Host Controller (EHCI) Driver
[    1.331972] ehci-pci: EHCI PCI platform driver
[    1.335421] ehci-platform: EHCI generic platform driver
[    1.339385] ohci_hcd: USB 1.1 'Open' Host Controller (OHCI) Driver
[    1.343870] ohci-pci: OHCI PCI platform driver
[    1.347120] ohci-platform: OHCI generic platform driver
[    1.347847] uhci_hcd: USB Universal Host Controller Interface driver
[    1.355900] i8042: PNP: PS/2 Controller [PNP0303:PS2K,PNP0f03:PS2M] at 0x60,0x64 irq 1,12
[    1.364194] serio: i8042 KBD port at 0x60,0x64 irq 1
[    1.368172] serio: i8042 AUX port at 0x60,0x64 irq 12
[    1.368172] mousedev: PS/2 mouse device common for all mice
[    1.377627] input: AT Translated Set 2 keyboard as /devices/platform/i8042/serio0/input/input2
[    1.385093] rtc_cmos rtc_cmos: rtc core: registered rtc_cmos as rtc0
[    1.390391] rtc_cmos rtc_cmos: alarms up to one day, 114 bytes nvram
[    1.394131] i2c /dev entries driver
[    1.394131] device-mapper: uevent: version 1.0.3
[    1.401410] device-mapper: ioctl: 4.37.0-ioctl (2017-09-20) initialised: dm-devel@redhat.com
[    1.408086] ledtrig-cpu: registered to indicate activity on CPUs
[    1.414195] NET: Registered protocol family 10
[    1.425332] Segment Routing with IPv6
[    1.428437] NET: Registered protocol family 17
[    1.432200] Key type dns_resolver registered
[    1.435667] mce: Using 0 MCE banks
[    1.438245] RAS: Correctable Errors collector initialized.
[    1.442117] sched_clock: Marking stable (1442058002, 0)->(1999329342, -557271340)
[    1.449107] registered taskstats version 1
[    1.452172] Loading compiled-in X.509 certificates
[    1.459552] Loaded X.509 cert 'Build time autogenerated kernel key: b5b26778eaa3ab3a4a6cee031137706e947d12ad'
[    1.466656] Loaded X.509 cert 'Canonical Ltd. Live Patch Signing: 14df34d1a87cf37625abec039ef2bf521249b969'
[    1.473549] Loaded X.509 cert 'Canonical Ltd. Kernel Module Signing: 88f752e560a1e0737e31163a466ad7b70a850c19'
[    1.480604] blacklist: Loading compiled-in revocation X.509 certificates
[    1.485680] Loaded X.509 cert 'Canonical Ltd. Secure Boot Signing: 61482aa2830d0ab2ad5af10b7250da9033ddcef0'
[    1.493220] Loaded X.509 cert 'Canonical Ltd. Secure Boot Signing (2017): 242ade75ac4a15e50d50c84b0d45ff3eae707a03'
[    1.501028] Loaded X.509 cert 'Canonical Ltd. Secure Boot Signing (ESM 2018): 365188c1d374d6b07c3c8f240f8ef722433d6a8b'
[    1.510225] Loaded X.509 cert 'Canonical Ltd. Secure Boot Signing (2019): c0746fd6c5da3ae827864651ad66ae47fe24b3e8'
[    1.518716] Loaded X.509 cert 'Canonical Ltd. Secure Boot Signing (2021 v1): a8d54bbb3825cfb94fa13c9f8a594a195c107b8d'
[    1.527167] Loaded X.509 cert 'Canonical Ltd. Secure Boot Signing (2021 v2): 4cf046892d6fd3c9a5b03f98d845f90851dc6a8c'
[    1.538671] Loaded X.509 cert 'Canonical Ltd. Secure Boot Signing (2021 v3): 100437bb6de6e469b581e61cd66bce3ef4ed53af'
[    1.548266] Loaded X.509 cert 'Canonical Ltd. Secure Boot Signing (Ubuntu Core 2019): c1d57b8f6b743f23ee41f4f7ee292f06eecadfb9'
[    1.556447] zswap: loaded using pool lzo/zbud
[    1.566468] Key type big_key registered
[    1.569712] Key type trusted registered
[    1.578232] Key type encrypted registered
[    1.582735] AppArmor: AppArmor sha1 policy hashing enabled
[    1.587363] ima: No TPM chip found, activating TPM-bypass! (rc=-19)
[    1.591845] ima: Allocated hash algorithm: sha1
[    1.595691] evm: HMAC attrs: 0x1
[    1.598695]   Magic number: 14:356:983
[    1.602178] rtc_cmos rtc_cmos: setting system clock to 2026-02-25 10:57:12 UTC (1772017032)
[    1.608143] BIOS EDD facility v0.16 2004-Jun-25, 0 devices found
[    1.612934] EDD information not available.
[    1.619555] Freeing unused kernel image memory: 2480K
[    1.644844] Write protecting the kernel read-only data: 20480k
[    1.653664] Freeing unused kernel image memory: 2008K
[    1.658574] Freeing unused kernel image memory: 1820K
[    1.671042] x86/mm: Checked W+X mappings: passed, no W+X pages found.
[    1.676248] x86/mm: Checking user space page tables
[    1.686392] x86/mm: Checked W+X mappings: passed, no W+X pages found.
Loading, please wait...
starting version 237
[    1.777549] e1000: Intel(R) PRO/1000 Network Driver - version 7.3.21-k8-NAPI
[    1.777556] Fusion MPT base driver 3.04.20
[    1.782557] e1000: Copyright (c) 1999-2006 Intel Corporation.
[    1.785970] Copyright (c) 1999-2008 LSI Corporation
[    1.799562] Fusion MPT SPI Host driver 3.04.20
[    1.844461] AVX2 version of gcm_enc/dec engaged.
[    1.848555] AES CTR mode by8 optimization enabled
[    2.013544] input: ImExPS/2 Generic Explorer Mouse as /devices/platform/i8042/serio1/input/input4
[    2.352290] e1000 0000:00:03.0 eth0: (PCI:33MHz:32-bit) 02:3b:7b:b7:3b:2d
[    2.358036] e1000 0000:00:03.0 eth0: Intel(R) PRO/1000 Network Connection
[    2.365711] mptbase: ioc0: Initiating bringup
[    2.370575] e1000 0000:00:03.0 enp0s3: renamed from eth0
[    2.479592] ioc0: LSI53C1030 A0: Capabilities={Initiator}
[    2.739429] scsi host2: ioc0: LSI53C1030 A0, FwRev=00000000h, Ports=1, MaxQ=256, IRQ=20
[    2.920491] scsi 2:0:0:0: Direct-Access     VBOX     HARDDISK         1.0  PQ: 0 ANSI: 5
[    2.960791] scsi target2:0:0: Beginning Domain Validation
[    2.973911] scsi target2:0:0: Domain Validation skipping write tests
[    2.979086] scsi target2:0:0: Ending Domain Validation
[    2.983575] scsi target2:0:0: asynchronous
[    2.989239] scsi 2:0:1:0: Direct-Access     VBOX     HARDDISK         1.0  PQ: 0 ANSI: 5
[    3.020366] scsi target2:0:1: Beginning Domain Validation
[    3.033515] scsi target2:0:1: Domain Validation skipping write tests
[    3.038536] scsi target2:0:1: Ending Domain Validation
[    3.042660] scsi target2:0:1: asynchronous
[    3.054123] sd 2:0:0:0: Attached scsi generic sg0 type 0
[    3.054790] sd 2:0:0:0: [sda] 83886080 512-byte logical blocks: (42.9 GB/40.0 GiB)
[    3.064877] sd 2:0:0:0: [sda] Write Protect is off
[    3.068908] sd 2:0:1:0: Attached scsi generic sg1 type 0
[    3.073268] sd 2:0:1:0: [sdb] 20480 512-byte logical blocks: (10.5 MB/10.0 MiB)
[    3.073675] sd 2:0:0:0: [sda] Write cache: enabled, read cache: enabled, supports DPO and FUA
[    3.085730] sd 2:0:1:0: [sdb] Write Protect is off
[    3.090113]  sda: sda1
[    3.092753] sd 2:0:1:0: [sdb] Write cache: enabled, read cache: enabled, supports DPO and FUA
[    3.094438] sd 2:0:0:0: [sda] Attached SCSI disk
[    3.108933] sd 2:0:1:0: [sdb] Attached SCSI disk
Begin: Loading essential drivers ... [    5.028172] raid6: sse2x1   gen() 10581 MB/s
[    5.076149] raid6: sse2x1   xor()  7611 MB/s
[    5.124534] raid6: sse2x2   gen() 13118 MB/s
[    5.172409] raid6: sse2x2   xor()  8465 MB/s
[    5.224497] raid6: sse2x4   gen() 13180 MB/s
[    5.272102] raid6: sse2x4   xor()  7404 MB/s
[    5.320079] raid6: avx2x1   gen() 20501 MB/s
[    5.368397] raid6: avx2x1   xor() 14966 MB/s
[    5.416174] raid6: avx2x2   gen() 25751 MB/s
[    5.464114] raid6: avx2x2   xor() 16492 MB/s
[    5.512070] raid6: avx2x4   gen() 30299 MB/s
[    5.560058] raid6: avx2x4   xor() 14621 MB/s
[    5.563472] raid6: using algorithm avx2x4 gen() 30299 MB/s
[    5.567949] raid6: .... xor() 14621 MB/s, rmw enabled
[    5.572126] raid6: using avx2x2 recovery algorithm
[    5.578594] xor: automatically using best checksumming function   avx       
[    5.586514] async_tx: api initialized (async)
done.
Begin: Running /scripts/init-premount ... done.
Begin: Mounting root file system ... Begin: Running /scripts/local-top ... done.
Begin: Running /scripts/local-premount ... [    5.663438] Btrfs loaded, crc32c=crc32c-intel
Scanning for Btrfs filesystems
done.
Warning: fsck not present, so skipping root file system
[    5.741949] EXT4-fs (sda1): mounted filesystem with ordered data mode. Opts: (null)
done.
Begin: Running /scripts/local-bottom ... done.
Begin: Running /scripts/init-bottom ... done.
[    6.485836] ip_tables: (C) 2000-2006 Netfilter Core Team
[    6.548104] systemd[1]: systemd 237 running in system mode. (+PAM +AUDIT +SELINUX +IMA +APPARMOR +SMACK +SYSVINIT +UTMP +LIBCRYPTSETUP +GCRYPT +GNUTLS +ACL +XZ +LZ4 +SECCOMP +BLKID +ELFUTILS +KMOD -IDN2 +IDN -PCRE2 default-hierarchy=hybrid)
[    6.564628] systemd[1]: Detected virtualization oracle.
[    6.568532] systemd[1]: Detected architecture x86-64.

Welcome to [1mUbuntu 18.04.6 LTS[0m!

[    6.591057] systemd[1]: Set hostname to <ubuntu>.
[    6.616979] systemd[1]: Initializing machine ID from random generator.
[    6.624769] systemd[1]: Installed transient /etc/machine-id file.
[    7.419714] systemd[1]: Reached target Mounting snaps.
[[0;32m  OK  [0m] Reached target Mounting snaps.
[    7.433738] systemd[1]: Created slice System Slice.
[[0;32m  OK  [0m] Created slice System Slice.
[    7.438924] systemd[1]: Listening on LVM2 metadata daemon socket.
[[0;32m  OK  [0m] Listening on LVM2 metadata daemon socket.
[    7.445478] systemd[1]: Listening on Journal Socket.
[[0;32m  OK  [0m] Listening on Journal Socket.
         Mounting POSIX Message Queue File System...
[[0;32m  OK  [0m] Listening on udev Control Socket.
         Starting Uncomplicated firewall...
[[0;32m  OK  [0m] Listening on /dev/initctl Compatibility Named Pipe.
         Starting Set the console keyboard layout...
[[0;32m  OK  [0m] Listening on fsck to fsckd communication Socket.
         Mounting Huge Pages File System...
[[0;32m  OK  [0m] Listening on Network Service Netlink Socket.
[[0;32m  OK  [0m] Reached target System Time Synchronized.
         Starting Create list of required st…ce nodes for the current kernel...
[[0;32m  OK  [0m] Listening on LVM2 poll daemon socket.
[[0;32m  OK  [0m] Reached target Mounted snaps.
[[0;32m  OK  [0m] Listening on Syslog Socket.
[[0;32m  OK  [0m] Created slice User and Session Slice.
[[0;32m  OK  [0m] Listening on Journal Socket (/dev/log).
[[0;32m  OK  [0m] Reached target Slices.
[[0;32m  OK  [0m] Listening on udev Kernel Socket.
         Starting udev Coldplug all Devices...
[[0;32m  OK  [0m] Started Forward Password Requests to Wall Directory Watch.
[[0;32m  OK  [0m] Listening on Device-mapper event daemon FIFOs.
         Starting File System Check on Root Device...
[[0;32m  OK  [0m] Listening on Journal Audit Socket.
[[0;32m  OK  [0m] Reached target Swap.
[[0;32m  OK  [0m] Reached target User and Group Name Lookups.
         Starting Load Kernel Modules...
         Starting Monitoring of LVM2 mirrors…ng dmeventd or progress polling...
         Mounting Kernel Debug File System...
[[0;32m  OK  [0m] Set up automount Arbitrary Executab…rmats File System Automount Point.
[    7.613249] Loading iSCSI transport class v2.0-870.
[[0;32m  OK  [0m] Created slice system-serial\x2dgetty.slice.
         Starting Journal Service...
[[0;32m  OK  [0m] Mounted POSIX Message Queue File System.
[[0;32m  OK  [0m] Started Uncomplicated firewall.
[[0;32m  OK  [0m] Mounted Huge Pages File System.
[[0;32m  OK  [0m] Started Create list of required sta…vice nodes for the current kernel.
[[0;32m  OK  [0m] Mounted Kernel Debug File System.
[[0;32m  OK  [0m] Started File System Check Daemon to report status.
         Starting Create Static Device Nodes in /dev...
[    7.734664] iscsi: registered transport (tcp)
[[0;32m  OK  [0m] Started udev Coldplug all Devices.
[[0;32m  OK  [0m] Started Journal Service.
[[0;32m  OK  [0m] Started File System Check on Root Device.
         Starting Remount Root and Kernel File Systems...
[[0;32m  OK  [0m] Started LVM2 metadata daemon.
[    8.009156] EXT4-fs (sda1): re-mounted. Opts: (null)
[[0;32m  OK  [0m] Started Remount Root and Kernel File Systems.
         Starting Load/Save Random Seed...
         Starting Flush Journal to Persistent Storage...
[[0;32m  OK  [0m] Started Create Static Device Nodes in /dev.
         Starting udev Kernel Device Manager...
[[0;32m  OK  [0m] Started Load/Save Random Seed.
[    8.107605] iscsi: registered transport (iser)
[[0;32m  OK  [0m] Started Load Kernel Modules.
         Starting Apply Kernel Variables...
         Mounting Kernel Configuration File System...
         Mounting FUSE Control File System...
[[0;32m  OK  [0m] Started Monitoring of LVM2 mirrors,…sing dmeventd or progress polling.
[[0;32m  OK  [0m] Mounted Kernel Configuration File System.
[[0;32m  OK  [0m] Mounted FUSE Control File System.
[    8.152933] systemd-journald[419]: Received request to flush runtime journal from PID 1
[[0;32m  OK  [0m] Started udev Kernel Device Manager.
[[0;32m  OK  [0m] Started Apply Kernel Variables.
[[0;32m  OK  [0m] Started Flush Journal to Persistent Storage.
[[0;32m  OK  [0m] Found device /dev/ttyS0.
[[0;32m  OK  [0m] Listening on Load/Save RF Kill Switch Status /dev/rfkill Watch.
         Mounting Arbitrary Executable File Formats File System...
[[0;32m  OK  [0m] Mounted Arbitrary Executable File Formats File System.
[[0;32m  OK  [0m] Started Set the console keyboard layout.
[[0;32m  OK  [0m] Reached target Local File Systems (Pre).
[[0;32m  OK  [0m] Reached target Local File Systems.
         Starting Create Volatile Files and Directories...
         Starting Set console font and keymap...
         Starting Commit a transient machine-id on disk...
         Starting AppArmor initialization...
         Starting Tell Plymouth To Write Out Runtime Data...
         Starting ebtables ruleset management...
[[0;32m  OK  [0m] Started Dispatch Password Requests to Console Directory Watch.
[[0;32m  OK  [0m] Reached target Local Encrypted Volumes.
[[0;32m  OK  [0m] Started Tell Plymouth To Write Out Runtime Data.
[[0;32m  OK  [0m] Started Create Volatile Files and Directories.
         Starting Update UTMP about System Boot/Shutdown...
[[0;32m  OK  [0m] Started Update UTMP about System Boot/Shutdown.
[[0;32m  OK  [0m] Started Commit a transient machine-id on disk.
[[0;32m  OK  [0m] Started ebtables ruleset management.
[[0;32m  OK  [0m] Started AppArmor initialization.
         Starting Load AppArmor profiles managed internally by snapd...
         Starting Initial cloud-init job (pre-networking)...
[[0;32m  OK  [0m] Started Load AppArmor profiles managed internally by snapd.
[[0;32m  OK  [0m] Started Set console font and keymap.
[   13.117791] cloud-init[902]: Cloud-init v. 23.1.2-0ubuntu0~18.04.1 running 'init-local' at Wed, 25 Feb 2026 10:57:23 +0000. Up 12.71 seconds.
[[0;32m  OK  [0m] Started Initial cloud-init job (pre-networking).
[[0;32m  OK  [0m] Reached target Network (Pre).
         Starting Network Service...
[[0;32m  OK  [0m] Started Network Service.
         Starting Wait for Network to be Configured...
         Starting Network Name Resolution...
[[0;32m  OK  [0m] Started Network Name Resolution.
[[0;32m  OK  [0m] Reached target Host and Network Name Lookups.
[[0;32m  OK  [0m] Reached target Network.
[[0;32m  OK  [0m] Started Wait for Network to be Configured.
         Starting Initial cloud-init job (metadata service crawler)...
[   15.972911] cloud-init[1032]: Cloud-init v. 23.1.2-0ubuntu0~18.04.1 running 'init' at Wed, 25 Feb 2026 10:57:26 +0000. Up 15.78 seconds.
[   15.976925] cloud-init[1032]: ci-info: +++++++++++++++++++++++++++++++++++++++++++Net device info++++++++++++++++++++++++++++++++++++++++++++
[   15.981340] cloud-init[1032]: ci-info: +--------+------+---------------------------------------+---------------+--------+-------------------+
[   15.985826] cloud-init[1032]: ci-info: | Device |  Up  |                Address                |      Mask     | Scope  |     Hw-Address    |
[   15.990293] cloud-init[1032]: ci-info: +--------+------+---------------------------------------+---------------+--------+-------------------+
[   15.993997] cloud-init[1032]: ci-info: | enp0s3 | True |               10.0.2.15               | 255.255.255.0 | global | 02:3b:7b:b7:3b:2d |
[   15.997674] cloud-init[1032]: ci-info: | enp0s3 | True | fd17:625c:f037:2:3b:7bff:feb7:3b2d/64 |       .       | global | 02:3b:7b:b7:3b:2d |
[   16.001752] cloud-init[1032]: ci-info: | enp0s3 | True |       fe80::3b:7bff:feb7:3b2d/64      |       .       |  link  | 02:3b:7b:b7:3b:2d |
[   16.005974] cloud-init[1032]: ci-info: |   lo   | True |               127.0.0.1               |   255.0.0.0   |  host  |         .         |
[   16.010113] cloud-init[1032]: ci-info: |   lo   | True |                ::1/128                |       .       |  host  |         .         |
[   16.014874] cloud-init[1032]: ci-info: +--------+------+---------------------------------------+---------------+--------+-------------------+
[   16.019380] cloud-init[1032]: ci-info: ++++++++++++++++++++++++++++Route IPv4 info+++++++++++++++++++++++++++++
[   16.022827] cloud-init[1032]: ci-info: +-------+-------------+----------+-----------------+-----------+-------+
[   16.025919] cloud-init[1032]: ci-info: | Route | Destination | Gateway  |     Genmask     | Interface | Flags |
[   16.029291] cloud-init[1032]: ci-info: +-------+-------------+----------+-----------------+-----------+-------+
[   16.032854] cloud-init[1032]: ci-info: |   0   |   0.0.0.0   | 10.0.2.2 |     0.0.0.0     |   enp0s3  |   UG  |
[   16.036311] cloud-init[1032]: ci-info: |   1   |   10.0.2.0  | 0.0.0.0  |  255.255.255.0  |   enp0s3  |   U   |
[   16.039899] cloud-init[1032]: ci-info: |   2   |   10.0.2.2  | 0.0.0.0  | 255.255.255.255 |   enp0s3  |   UH  |
[   16.043375] cloud-init[1032]: ci-info: +-------+-------------+----------+-----------------+-----------+-------+
[   16.046361] cloud-init[1032]: ci-info: ++++++++++++++++++++++++Route IPv6 info++++++++++++++++++++++++
[   16.049166] cloud-init[1032]: ci-info: +-------+-----------------------+---------+-----------+-------+
[   16.052030] cloud-init[1032]: ci-info: | Route |      Destination      | Gateway | Interface | Flags |
[   16.054844] cloud-init[1032]: ci-info: +-------+-----------------------+---------+-----------+-------+
[   16.057632] cloud-init[1032]: ci-info: |   1   | fd17:625c:f037:2::/64 |    ::   |   enp0s3  |   U   |
[   16.060493] cloud-init[1032]: ci-info: |   2   |       fe80::/64       |    ::   |   enp0s3  |   U   |
[   16.063506] cloud-init[1032]: ci-info: |   3   |          ::/0         | fe80::2 |   enp0s3  |   UG  |
[   16.066694] cloud-init[1032]: ci-info: |   5   |         local         |    ::   |   enp0s3  |   U   |
[   16.070281] cloud-init[1032]: ci-info: |   6   |        ff00::/8       |    ::   |   enp0s3  |   U   |
[   16.073065] cloud-init[1032]: ci-info: +-------+-----------------------+---------+-----------+-------+
[   17.024914] cloud-init[1032]: Generating public/private rsa key pair.
[   17.029090] cloud-init[1032]: Your identification has been saved in /etc/ssh/ssh_host_rsa_key.
[   17.036501] cloud-init[1032]: Your public key has been saved in /etc/ssh/ssh_host_rsa_key.pub.
[   17.055914] cloud-init[1032]: The key fingerprint is:
[   17.060184] cloud-init[1032]: SHA256:HzVrXp+CVzURnaR8AbITJdZEHpaSOOWJS8gUKnZzOzQ root@ubuntu-bionic
[   17.064274] cloud-init[1032]: The key's randomart image is:
[   17.068338] cloud-init[1032]: +---[RSA 2048]----+
[   17.072903] cloud-init[1032]: |       o. o**B+=+|
[   17.078327] cloud-init[1032]: |      + .o+oXoo.+|
[   17.082124] cloud-init[1032]: |   o + E o.=++ o.|
[   17.086546] cloud-init[1032]: |  . o + + ...o. o|
[   17.092425] cloud-init[1032]: |       oS.. o .. |
[   17.097011] cloud-init[1032]: |        .. +.....|
[   17.100669] cloud-init[1032]: |          ...o ..|
[   17.104536] cloud-init[1032]: |            . .  |
[   17.108780] cloud-init[1032]: |                 |
[   17.112582] cloud-init[1032]: +----[SHA256]-----+
[   17.118336] cloud-init[1032]: Generating public/private dsa key pair.
[   17.122649] cloud-init[1032]: Your identification has been saved in /etc/ssh/ssh_host_dsa_key.
[   17.127588] cloud-init[1032]: Your public key has been saved in /etc/ssh/ssh_host_dsa_key.pub.
[   17.132550] cloud-init[1032]: The key fingerprint is:
[   17.136947] cloud-init[1032]: SHA256:N0yz9GEiZePSZofTc0vwG+6E8zRz8m3mcc2oZX9xe3s root@ubuntu-bionic
[   17.142381] cloud-init[1032]: The key's randomart image is:
[   17.146416] cloud-init[1032]: +---[DSA 1024]----+
[   17.150530] cloud-init[1032]: |          + .    |
[[0;32m  OK  [0m] Started Initial cloud-init job (metadata service crawler).
[[0;32m  OK  [0m] Reached target Network is Online.
[[0;32m  OK  [0m] Reached target Remote File Systems (Pre).
[[0;32m  OK  [0m] Reached target Remote File Systems.
         Starting Availability of block devices...
[[0;32m  OK  [0m] Reached target System Initialization.
[[0;32m  OK  [0m] Started Daily apt download activities.
[[0;32m  OK  [0m] Started Ubuntu Advantage Timer for running repeated jobs.
[[0;32m  OK  [0m] Listening on cloud-init hotplug hook socket.
[[0;32m  OK  [0m] Listening on D-Bus System Message Bus Socket.
[[0;32m  OK  [0m] Started Discard unused blocks once a week.
[   17.154248] cloud-init[1032]: |         = + o   |
         Starting LXD - unix socket.
[   17.181536] cloud-init[1032]: |        o % * =  |
[[0;32m  OK  [0m] Listening on UUID daemon activation socket.
[   17.208880] [[0;32m  OK  [0m] Started Daily apt upgrade and clean activities.
[[0;32m  OK  [0m] Started Message of the Day.
cloud-init[1032]: |         O O B + |
[   17.236140] cloud-init[1032]: |        S = + X .|
[   17.242899] cloud-init[1032]: |         . . * X+|
         [   17.249082] Starting Socket activation for snappy daemon.cloud-init
[1032]: |              *.%|
[[   17.264534] cloud-init[1032]: |             + *E|
[   17.264954] cloud-init[1032]: |            .  .B|
[   17.265543] cloud-init[1032]: +----[SHA256]-----+
[   17.266036] cloud-init[1032]: Generating public/private ecdsa key pair.
[0;32m  OK  [0m] Listening on Open-iSCSI iscsid Socket.
[[   17.266543] cloud-init[1032]: Your identification has been saved in /etc/ssh/ssh_host_ecdsa_key.
[   17.274257] cloud-init[1032]: Your public key has been saved in /etc/ssh/ssh_host_ecdsa_key.pub.
[   17.276217] cloud-init[1032]: The key fingerprint is:
[   17.277523] cloud-init[1032]: SHA256:FRV2/t/eK2geE3A4WGVwzCFkambCz9Nvj34e+m9W2iY root@ubuntu-bionic
[   17.278721] cloud-init[1032]: The key's randomart image is:
[   17.280009] cloud-init[1032]: +---[ECDSA 256]---+
[   17.280136] cloud-init[1032]: |        .***=..  |
[   17.281264] cloud-init[1032]: |    .   = == o   |
[   17.289072] cloud-init[1032]: |     o * +..  .  |
[   17.289196] cloud-init[1032]: |      B ..+    . |
[   17.289279] cloud-init[1032]: |       +S. .    .|
[   17.289363] cloud-init[1032]: |        . . .   +|
[   17.289450] cloud-init[1032]: |           =.. o+|
[   17.289535] cloud-init[1032]: |          .o*oE++|
[   17.289616] cloud-init[1032]: |          +=++==+|
[   17.289687] cloud-init[1032]: +----[SHA256]-----+
[   17.289764] cloud-init[1032]: Generating public/private ed25519 key pair.
[   17.289841] cloud-init[1032]: Your identification has been saved in /etc/ssh/ssh_host_ed25519_key.
[   17.289922] cloud-init[1032]: Your public key has been saved in /etc/ssh/ssh_host_ed25519_key.pub.
[   17.290009] cloud-init[1032]: The key fingerprint is:
[   17.290077] cloud-init[1032]: SHA256:BzH872bcbOn9dqFIhr0BUoH+URDdbyVX9uXggGsmJ78 root@ubuntu-bionic
[   17.290157] cloud-init[1032]: The key's randomart image is:
[   17.290233] cloud-init[1032]: +--[ED25519 256]--+
[   17.290306] cloud-init[1032]: |       .++=.o . =|
[   17.290374] cloud-init[1032]: |       ..+.o +.+=|
[   17.294369] cloud-init[1032]: |      . o...  oo+|
[   17.294740] cloud-init[1032]: |       oo+*    o |
[   17.294837] cloud-init[1032]: |        SB*.  .  |
[   17.294915] cloud-init[1032]: |         +.=.  . |
[   17.295003] cloud-init[1032]: |          o++o...|
[   17.295076] cloud-init[1032]: |          Eo=.=.o|
[   17.295638] cloud-init[1032]: |           o o..=|
[   17.295744] cloud-init[1032]: +----[SHA256]-----+
[0;32m  OK  [0m] Listening on ACPID Listen Socket.
[[0;32m  OK  [0m] Started Daily Cleanup of Temporary Directories.
[[0;32m  OK  [0m] Reached target Timers.
[[0;32m  OK  [0m] Started ACPI Events Check.
[[0;32m  OK  [0m] Reached target Paths.
[[0;32m  OK  [0m] Reached target Cloud-config availability.
[[0;32m  OK  [0m] Started Availability of block devices.
[[0;32m  OK  [0m] Listening on LXD - unix socket.
[[0;32m  OK  [0m] Listening on Socket activation for snappy daemon.
[[0;32m  OK  [0m] Reached target Sockets.
[[0;32m  OK  [0m] Reached target Basic System.
         Starting Pollinate to seed the pseudo random number generator...
         Starting Dispatcher daemon for systemd-networkd...
         Starting LSB: automatic crash report generation...
[[0;32m  OK  [0m] Started FUSE filesystem for LXC.
         Starting Login Service...
         Starting LSB: Record successful boot for GRUB...
         Starting Virtualbox guest utils...
         Starting System Logging Service...
         Starting Snap Daemon...
         Starting Permit User Sessions...
         Starting Accounts Service...
[[0;32m  OK  [0m] Started irqbalance daemon.
[[0;32m  OK  [0m] Started D-Bus System Message Bus.
[[0;32m  OK  [0m] Started Login Service.
[[0;32m  OK  [0m] Started Unattended Upgrades Shutdown.
[[0;32m  OK  [0m] Reached target Login Prompts (Pre).
[[0;32m  OK  [0m] Started Deferred execution scheduler.
[[0;32m  OK  [0m] Started Regular background program processing daemon.
         Starting LXD - container startup/shutdown...
[[0;32m  OK  [0m] Started System Logging Service.
[[0;32m  OK  [0m] Started Dispatcher daemon for systemd-networkd.
[[0;32m  OK  [0m] Started Permit User Sessions.
         Starting Hold until boot process finishes up...
         Starting Terminate Plymouth Boot Screen...
[[0;32m  OK  [0m] Started Hold until boot process finishes up.
[[0;32m  OK  [0m] Started Terminate Plymouth Boot Screen.
         Starting Set console scheme...
[[0;32m  OK  [0m] Started Serial Getty on ttyS0.
         Starting Authorization Manager...
[[0;32m  OK  [0m] Started LSB: automatic crash report generation.
[[0;32m  OK  [0m] Started Set console scheme.
[[0;32m  OK  [0m] Created slice system-getty.slice.
[[0;32m  OK  [0m] Started Getty on tty1.
[[0;32m  OK  [0m] Reached target Login Prompts.
[[0;32m  OK  [0m] Started LSB: Record successful boot for GRUB.
[[0;32m  OK  [0m] Started Authorization Manager.
[[0;32m  OK  [0m] Started Accounts Service.
[[0;32m  OK  [0m] Started Virtualbox guest utils.
[[0;32m  OK  [0m] Started LXD - container startup/shutdown.
[[0;32m  OK  [0m] Started Snap Daemon.
         Starting Wait until snapd is fully seeded...
[[0;32m  OK  [0m] Started Pollinate to seed the pseudo random number generator.
         Starting OpenBSD Secure Shell server...
[[0;32m  OK  [0m] Started OpenBSD Secure Shell server.
[[0;32m  OK  [0m] Created slice User Slice of vagrant.
         Starting User Manager for UID 1000...
[[0;32m  OK  [0m] Started Session 1 of user vagrant.
[[0;32m  OK  [0m] Started User Manager for UID 1000.
         Starting Time & Date Service...
[[0;32m  OK  [0m] Started Time & Date Service.

Ubuntu 18.04.6 LTS ubuntu-bionic ttyS0

ubuntu-bionic login: [   25.439666] cloud-init[1762]: Cloud-init v. 23.1.2-0ubuntu0~18.04.1 running 'modules:config' at Wed, 25 Feb 2026 10:57:35 +0000. Up 24.75 seconds.
ci-info: no authorized SSH keys fingerprints found for user ubuntu.
<14>Feb 25 10:57:37 cloud-init: #############################################################
<14>Feb 25 10:57:37 cloud-init: -----BEGIN SSH HOST KEY FINGERPRINTS-----
<14>Feb 25 10:57:37 cloud-init: 1024 SHA256:N0yz9GEiZePSZofTc0vwG+6E8zRz8m3mcc2oZX9xe3s root@ubuntu-bionic (DSA)
<14>Feb 25 10:57:37 cloud-init: 256 SHA256:FRV2/t/eK2geE3A4WGVwzCFkambCz9Nvj34e+m9W2iY root@ubuntu-bionic (ECDSA)
<14>Feb 25 10:57:37 cloud-init: 256 SHA256:BzH872bcbOn9dqFIhr0BUoH+URDdbyVX9uXggGsmJ78 root@ubuntu-bionic (ED25519)
<14>Feb 25 10:57:37 cloud-init: 2048 SHA256:HzVrXp+CVzURnaR8AbITJdZEHpaSOOWJS8gUKnZzOzQ root@ubuntu-bionic (RSA)
<14>Feb 25 10:57:37 cloud-init: -----END SSH HOST KEY FINGERPRINTS-----
<14>Feb 25 10:57:37 cloud-init: #############################################################
-----BEGIN SSH HOST KEY KEYS-----
ecdsa-sha2-nistp256 AAAAE2VjZHNhLXNoYTItbmlzdHAyNTYAAAAIbmlzdHAyNTYAAABBBDnT0qlP0eaSPwOZQQgiF5XtOURljSa6tqHIlog73ucjQdxkGiQh4j9Y6MtvrCchF2J0ymVNI0aqF7625plzR4U= root@ubuntu-bionic
ssh-ed25519 AAAAC3NzaC1lZDI1NTE5AAAAILGbCDdrq8zXZay5ouLywccr/HdypQd8qSz1WL+egeQF root@ubuntu-bionic
ssh-rsa AAAAB3NzaC1yc2EAAAADAQABAAABAQDCF7+plB03EHNR8DkV1rwGO5cYTtRdc2I/uLQmMEPWCBvRLNOTEwFfO1x5y1C/L2Tl33IFBBPesrHvISLqaaNKYXEsMn8U/8yLcodUH5n8JLvTRo4k8XtwfkvynRwikcHvaNt3+p9th2u3sajyJnZnEr8ZJ5iFUT+ua+bCjYDxQ9WLyA2Sd48yBZKFOZmFw91g/7jwgVxQIYIEhtvm5Sg97KuCbyl4QIhO97xPDvT4WOvevNk3ijWZxFPWGABhKk6QVQsiEAl5BQUeikGCwPOx4VwcqQ3D8dBBhKm1F7K0LNOXUp+FTBztnGBQp04hKdlqBO/fU2TfBfmTf+IJVWtx root@ubuntu-bionic
-----END SSH HOST KEY KEYS-----
[   26.640912] cloud-init[2008]: Cloud-init v. 23.1.2-0ubuntu0~18.04.1 running 'modules:final' at Wed, 25 Feb 2026 10:57:37 +0000. Up 26.26 seconds.
[   26.642152] cloud-init[2008]: Cloud-init v. 23.1.2-0ubuntu0~18.04.1 finished at Wed, 25 Feb 2026 10:57:37 +0000. Datasource DataSourceNoCloud [seed=/dev/sdb][dsmode=net].  Up 26.61 seconds
